<?xml version="1.0" encoding="UTF-8" standalone="no"?>
<testsuite failures="0" name="cucumber.runtime.formatter.JUnitFormatter" skipped="0" tests="1" time="23.386263">
<testcase classname="Application Test - Add products to wishlist" name="Verify_Customer_Add_The_Product_In_Wishlist_And_Add_To_Cart_TC_001" time="23.386263">
<system-out><![CDATA[Given I add "4" different products to my wishlist...........................passed
When I view my wishlist table...............................................passed
Then I find total "4" selected items in my wishlist.........................passed
When I search for "lowest" price product....................................passed
And I am able to add the "lowest" price item to my cart.....................passed
Then I am able to verify the item in my cart................................passed
]]></system-out>
</testcase>
</testsuite>
